  [4;36;1mSQL (0.0ms)[0m   [0;1mSET NAMES 'utf8'[0m
  [4;35;1mSQL (0.0ms)[0m   [0mSET SQL_AUTO_IS_NULL=0[0m
  [4;36;1mSQL (0.0ms)[0m   [0;1mSHOW TABLES[0m
  [4;35;1mSQL (171.9ms)[0m   [0mCREATE TABLE `schema_migrations` (`version` varchar(255) NOT NULL) ENGINE=InnoDB[0m
  [4;36;1mSQL (0.0ms)[0m   [0;1mSHOW KEYS FROM `schema_migrations`[0m
  [4;35;1mSQL (343.7ms)[0m   [0mCREATE UNIQUE INDEX `unique_schema_migrations` ON `schema_migrations` (`version`)[0m
  [4;36;1mSQL (15.6ms)[0m   [0;1mSHOW TABLES[0m
  [4;35;1mSQL (0.0ms)[0m   [0mSELECT version FROM schema_migrations[0m
Migrating to CreateQuestions (20110408124706)
  [4;36;1mSQL (140.6ms)[0m   [0;1mCREATE TABLE `questions` (`id` int(11) DEFAULT NULL auto_increment PRIMARY KEY, `title` varchar(255), `created_at` datetime, `updated_at` datetime) ENGINE=InnoDB[0m
  [4;35;1mSQL (31.2ms)[0m   [0mINSERT INTO schema_migrations (version) VALUES ('20110408124706')[0m
Migrating to CreateAnswers (20110408124801)
  [4;36;1mSQL (62.5ms)[0m   [0;1mCREATE TABLE `answers` (`id` int(11) DEFAULT NULL auto_increment PRIMARY KEY, `content` varchar(255), `question_id` int(11), `created_at` datetime, `updated_at` datetime) ENGINE=InnoDB[0m
  [4;35;1mSQL (46.9ms)[0m   [0mINSERT INTO schema_migrations (version) VALUES ('20110408124801')[0m
  [4;36;1mSQL (0.0ms)[0m   [0;1mSHOW TABLES[0m
  [4;35;1mSQL (0.0ms)[0m   [0mSELECT version FROM schema_migrations[0m
  [4;36;1mSQL (0.0ms)[0m   [0;1mSHOW TABLES[0m
  [4;35;1mSQL (15.6ms)[0m   [0mSHOW FIELDS FROM `answers`[0m
  [4;36;1mSQL (0.0ms)[0m   [0;1mdescribe `answers`[0m
  [4;35;1mSQL (15.6ms)[0m   [0mSHOW KEYS FROM `answers`[0m
  [4;36;1mSQL (0.0ms)[0m   [0;1mSHOW FIELDS FROM `questions`[0m
  [4;35;1mSQL (0.0ms)[0m   [0mdescribe `questions`[0m
  [4;36;1mSQL (0.0ms)[0m   [0;1mSHOW KEYS FROM `questions`[0m
  [4;36;1mSQL (0.0ms)[0m   [0;1mSET NAMES 'utf8'[0m
  [4;35;1mSQL (0.0ms)[0m   [0mSET SQL_AUTO_IS_NULL=0[0m


Processing QuestionsController#new (for 127.0.0.1 at 2011-04-08 18:36:08) [GET]
  [4;36;1mSQL (0.0ms)[0m   [0;1mSHOW TABLES[0m
  [4;35;1mQuestion Columns (15.6ms)[0m   [0mSHOW FIELDS FROM `questions`[0m
  [4;36;1mSQL (0.0ms)[0m   [0;1mSHOW TABLES[0m
  [4;35;1mQuestion Columns (0.0ms)[0m   [0mSHOW FIELDS FROM `questions`[0m

NoMethodError (undefined method `lamba' for #<Class:0x45a71c0>):
  app/models/question.rb:3
  app/controllers/questions_controller.rb:27:in `new'

Rendered rescues/_trace (171.9ms)
Rendered rescues/_request_and_response (0.0ms)
Rendering rescues/layout (internal_server_error)
  [4;36;1mSQL (15.6ms)[0m   [0;1mSET NAMES 'utf8'[0m
  [4;35;1mSQL (0.0ms)[0m   [0mSET SQL_AUTO_IS_NULL=0[0m


Processing QuestionsController#new (for 127.0.0.1 at 2011-04-08 18:36:26) [GET]
  [4;36;1mQuestion Columns (15.6ms)[0m   [0;1mSHOW FIELDS FROM `questions`[0m
  [4;35;1mAnswer Columns (15.6ms)[0m   [0mSHOW FIELDS FROM `answers`[0m
Rendering template within layouts/questions
Rendering questions/new
ERROR: compiling _run_erb_app47views47questions47new46html46erb RAISED compile error
d:/Projects/Survey/app/views/questions/new.html.erb:11: syntax error, unexpected ')'
...lds_for :answers do |builder|).to_s); @output_buffer.concat ...
                              ^
d:/Projects/Survey/app/views/questions/new.html.erb:19: syntax error, unexpected kEND, expecting ')'
;  end ; @output_buffer.concat "\n\n"
      ^
d:/Projects/Survey/app/views/questions/new.html.erb:22: syntax error, unexpected kENSURE, expecting ')'
d:/Projects/Survey/app/views/questions/new.html.erb:24: syntax error, unexpected kEND, expecting ')'
Function body:           def _run_erb_app47views47questions47new46html46erb(local_assigns)
            old_output_buffer = output_buffer;;@output_buffer = '';  __in_erb_template=true ; @output_buffer.concat "<h1>New question</h1>\n\n"

;  form_for(@question) do |f| ; @output_buffer.concat "\n  "
; @output_buffer.concat(( f.error_messages ).to_s); @output_buffer.concat "\n\n  <p>\n    "


; @output_buffer.concat(( f.label :title ).to_s); @output_buffer.concat "<br />\n    "
; @output_buffer.concat(( f.text_field :title ).to_s); @output_buffer.concat "\n  </p>\n  <p>\n  \t"


; @output_buffer.concat(( f.fields_for :answers do |builder|).to_s); @output_buffer.concat "\n\t\t"
; @output_buffer.concat(( render 'answers/form', :form => builder ).to_s); @output_buffer.concat "\n\t"
;  end ; @output_buffer.concat "\n  </p\n  \t"

; @output_buffer.concat(( link_to_add_field "Add answer", f, :answers ).to_s); @output_buffer.concat "\n  <p>\n    "

; @output_buffer.concat(( f.submit 'Create' ).to_s); @output_buffer.concat "\n  </p>\n"

;  end ; @output_buffer.concat "\n\n"

; @output_buffer.concat(( link_to 'Back', questions_path ).to_s); @output_buffer
          ensure
            self.output_buffer = old_output_buffer
          end
Backtrace: d:/Projects/Survey/app/views/questions/new.html.erb:24:in `compile!'
c:/Ruby/lib/ruby/gems/1.8/gems/actionpack-2.3.9/lib/action_view/renderable.rb:61:in `compile'
c:/Ruby/lib/ruby/gems/1.8/gems/actionpack-2.3.9/lib/action_view/renderable.rb:28:in `render'
c:/Ruby/lib/ruby/gems/1.8/gems/actionpack-2.3.9/lib/action_view/template.rb:205:in `render_template'
c:/Ruby/lib/ruby/gems/1.8/gems/actionpack-2.3.9/lib/action_view/base.rb:265:in `render'
c:/Ruby/lib/ruby/gems/1.8/gems/actionpack-2.3.9/lib/action_view/base.rb:348:in `_render_with_layout'
c:/Ruby/lib/ruby/gems/1.8/gems/actionpack-2.3.9/lib/action_view/base.rb:262:in `render'
c:/Ruby/lib/ruby/gems/1.8/gems/actionpack-2.3.9/lib/action_controller/base.rb:1250:in `render_for_file'
c:/Ruby/lib/ruby/gems/1.8/gems/actionpack-2.3.9/lib/action_controller/base.rb:942:in `render_without_benchmark'
c:/Ruby/lib/ruby/gems/1.8/gems/actionpack-2.3.9/lib/action_controller/benchmarking.rb:51:in `render'
c:/Ruby/lib/ruby/gems/1.8/gems/activesupport-2.3.9/lib/active_support/core_ext/benchmark.rb:17:in `ms'
c:/Ruby/lib/ruby/1.8/benchmark.rb:308:in `realtime'
c:/Ruby/lib/ruby/gems/1.8/gems/activesupport-2.3.9/lib/active_support/core_ext/benchmark.rb:17:in `ms'
c:/Ruby/lib/ruby/gems/1.8/gems/actionpack-2.3.9/lib/action_controller/benchmarking.rb:51:in `render'
c:/Ruby/lib/ruby/gems/1.8/gems/actionpack-2.3.9/lib/action_controller/mime_responds.rb:135:in `send'
c:/Ruby/lib/ruby/gems/1.8/gems/actionpack-2.3.9/lib/action_controller/mime_responds.rb:135:in `custom'
c:/Ruby/lib/ruby/gems/1.8/gems/actionpack-2.3.9/lib/action_controller/mime_responds.rb:179:in `call'
c:/Ruby/lib/ruby/gems/1.8/gems/actionpack-2.3.9/lib/action_controller/mime_responds.rb:179:in `respond'
c:/Ruby/lib/ruby/gems/1.8/gems/actionpack-2.3.9/lib/action_controller/mime_responds.rb:173:in `each'
c:/Ruby/lib/ruby/gems/1.8/gems/actionpack-2.3.9/lib/action_controller/mime_responds.rb:173:in `respond'
c:/Ruby/lib/ruby/gems/1.8/gems/actionpack-2.3.9/lib/action_controller/mime_responds.rb:107:in `respond_to'
d:/Projects/Survey/app/controllers/questions_controller.rb:29:in `new'
c:/Ruby/lib/ruby/gems/1.8/gems/actionpack-2.3.9/lib/action_controller/base.rb:1331:in `send'
c:/Ruby/lib/ruby/gems/1.8/gems/actionpack-2.3.9/lib/action_controller/base.rb:1331:in `perform_action_without_filters'
c:/Ruby/lib/ruby/gems/1.8/gems/actionpack-2.3.9/lib/action_controller/filters.rb:617:in `call_filters'
c:/Ruby/lib/ruby/gems/1.8/gems/actionpack-2.3.9/lib/action_controller/filters.rb:610:in `perform_action_without_benchmark'
c:/Ruby/lib/ruby/gems/1.8/gems/actionpack-2.3.9/lib/action_controller/benchmarking.rb:68:in `perform_action_without_rescue'
c:/Ruby/lib/ruby/gems/1.8/gems/activesupport-2.3.9/lib/active_support/core_ext/benchmark.rb:17:in `ms'
c:/Ruby/lib/ruby/1.8/benchmark.rb:308:in `realtime'
c:/Ruby/lib/ruby/gems/1.8/gems/activesupport-2.3.9/lib/active_support/core_ext/benchmark.rb:17:in `ms'
c:/Ruby/lib/ruby/gems/1.8/gems/actionpack-2.3.9/lib/action_controller/benchmarking.rb:68:in `perform_action_without_rescue'
c:/Ruby/lib/ruby/gems/1.8/gems/actionpack-2.3.9/lib/action_controller/rescue.rb:160:in `perform_action_without_flash'
c:/Ruby/lib/ruby/gems/1.8/gems/actionpack-2.3.9/lib/action_controller/flash.rb:151:in `perform_action'
c:/Ruby/lib/ruby/gems/1.8/gems/actionpack-2.3.9/lib/action_controller/base.rb:532:in `send'
c:/Ruby/lib/ruby/gems/1.8/gems/actionpack-2.3.9/lib/action_controller/base.rb:532:in `process_without_filters'
c:/Ruby/lib/ruby/gems/1.8/gems/actionpack-2.3.9/lib/action_controller/filters.rb:606:in `process'
c:/Ruby/lib/ruby/gems/1.8/gems/actionpack-2.3.9/lib/action_controller/base.rb:391:in `process'
c:/Ruby/lib/ruby/gems/1.8/gems/actionpack-2.3.9/lib/action_controller/base.rb:386:in `call'
c:/Ruby/lib/ruby/gems/1.8/gems/actionpack-2.3.9/lib/action_controller/routing/route_set.rb:438:in `call'
c:/Ruby/lib/ruby/gems/1.8/gems/actionpack-2.3.9/lib/action_controller/dispatcher.rb:87:in `dispatch'
c:/Ruby/lib/ruby/gems/1.8/gems/actionpack-2.3.9/lib/action_controller/dispatcher.rb:121:in `_call'
c:/Ruby/lib/ruby/gems/1.8/gems/actionpack-2.3.9/lib/action_controller/dispatcher.rb:130:in `build_middleware_stack'
c:/Ruby/lib/ruby/gems/1.8/gems/activerecord-2.3.9/lib/active_record/query_cache.rb:29:in `call'
c:/Ruby/lib/ruby/gems/1.8/gems/activerecord-2.3.9/lib/active_record/query_cache.rb:29:in `call'
c:/Ruby/lib/ruby/gems/1.8/gems/activerecord-2.3.9/lib/active_record/connection_adapters/abstract/query_cache.rb:34:in `cache'
c:/Ruby/lib/ruby/gems/1.8/gems/activerecord-2.3.9/lib/active_record/query_cache.rb:9:in `cache'
c:/Ruby/lib/ruby/gems/1.8/gems/activerecord-2.3.9/lib/active_record/query_cache.rb:28:in `call'
c:/Ruby/lib/ruby/gems/1.8/gems/activerecord-2.3.9/lib/active_record/connection_adapters/abstract/connection_pool.rb:361:in `call'
c:/Ruby/lib/ruby/gems/1.8/gems/actionpack-2.3.9/lib/action_controller/string_coercion.rb:25:in `call'
c:/Ruby/lib/ruby/gems/1.8/gems/rack-1.1.0/lib/rack/head.rb:9:in `call'
c:/Ruby/lib/ruby/gems/1.8/gems/rack-1.1.0/lib/rack/methodoverride.rb:24:in `call'
c:/Ruby/lib/ruby/gems/1.8/gems/actionpack-2.3.9/lib/action_controller/params_parser.rb:15:in `call'
c:/Ruby/lib/ruby/gems/1.8/gems/actionpack-2.3.9/lib/action_controller/session/cookie_store.rb:100:in `call'
c:/Ruby/lib/ruby/gems/1.8/gems/actionpack-2.3.9/lib/action_controller/failsafe.rb:26:in `call'
c:/Ruby/lib/ruby/gems/1.8/gems/rack-1.1.0/lib/rack/lock.rb:11:in `call'
c:/Ruby/lib/ruby/gems/1.8/gems/rack-1.1.0/lib/rack/lock.rb:11:in `synchronize'
c:/Ruby/lib/ruby/gems/1.8/gems/rack-1.1.0/lib/rack/lock.rb:11:in `call'
c:/Ruby/lib/ruby/gems/1.8/gems/actionpack-2.3.9/lib/action_controller/dispatcher.rb:114:in `call'
c:/Ruby/lib/ruby/gems/1.8/gems/actionpack-2.3.9/lib/action_controller/reloader.rb:34:in `run'
c:/Ruby/lib/ruby/gems/1.8/gems/actionpack-2.3.9/lib/action_controller/dispatcher.rb:108:in `call'
c:/Ruby/lib/ruby/gems/1.8/gems/rails-2.3.9/lib/rails/rack/static.rb:31:in `call'
c:/Ruby/lib/ruby/gems/1.8/gems/rack-1.1.0/lib/rack/urlmap.rb:47:in `call'
c:/Ruby/lib/ruby/gems/1.8/gems/rack-1.1.0/lib/rack/urlmap.rb:41:in `each'
c:/Ruby/lib/ruby/gems/1.8/gems/rack-1.1.0/lib/rack/urlmap.rb:41:in `call'
c:/Ruby/lib/ruby/gems/1.8/gems/rails-2.3.9/lib/rails/rack/log_tailer.rb:17:in `call'
c:/Ruby/lib/ruby/gems/1.8/gems/rack-1.1.0/lib/rack/content_length.rb:13:in `call'
c:/Ruby/lib/ruby/gems/1.8/gems/rack-1.1.0/lib/rack/chunked.rb:15:in `call'
c:/Ruby/lib/ruby/gems/1.8/gems/rack-1.1.0/lib/rack/handler/mongrel.rb:67:in `process'
c:/Ruby/lib/ruby/gems/1.8/gems/mongrel-1.1.5-x86-mswin32-60/lib/mongrel.rb:159:in `process_client'
c:/Ruby/lib/ruby/gems/1.8/gems/mongrel-1.1.5-x86-mswin32-60/lib/mongrel.rb:158:in `each'
c:/Ruby/lib/ruby/gems/1.8/gems/mongrel-1.1.5-x86-mswin32-60/lib/mongrel.rb:158:in `process_client'
c:/Ruby/lib/ruby/gems/1.8/gems/mongrel-1.1.5-x86-mswin32-60/lib/mongrel.rb:285:in `run'
c:/Ruby/lib/ruby/gems/1.8/gems/mongrel-1.1.5-x86-mswin32-60/lib/mongrel.rb:285:in `initialize'
c:/Ruby/lib/ruby/gems/1.8/gems/mongrel-1.1.5-x86-mswin32-60/lib/mongrel.rb:285:in `new'
c:/Ruby/lib/ruby/gems/1.8/gems/mongrel-1.1.5-x86-mswin32-60/lib/mongrel.rb:285:in `run'
c:/Ruby/lib/ruby/gems/1.8/gems/mongrel-1.1.5-x86-mswin32-60/lib/mongrel.rb:268:in `initialize'
c:/Ruby/lib/ruby/gems/1.8/gems/mongrel-1.1.5-x86-mswin32-60/lib/mongrel.rb:268:in `new'
c:/Ruby/lib/ruby/gems/1.8/gems/mongrel-1.1.5-x86-mswin32-60/lib/mongrel.rb:268:in `run'
c:/Ruby/lib/ruby/gems/1.8/gems/rack-1.1.0/lib/rack/handler/mongrel.rb:38:in `run'
c:/Ruby/lib/ruby/gems/1.8/gems/rails-2.3.9/lib/commands/server.rb:111
c:/Ruby/lib/ruby/site_ruby/1.8/rubygems/custom_require.rb:31:in `gem_original_require'
c:/Ruby/lib/ruby/site_ruby/1.8/rubygems/custom_require.rb:31:in `require'
script/server:3

ActionView::TemplateError (compile error
d:/Projects/Survey/app/views/questions/new.html.erb:11: syntax error, unexpected ')'
...lds_for :answers do |builder|).to_s); @output_buffer.concat ...
                              ^
d:/Projects/Survey/app/views/questions/new.html.erb:19: syntax error, unexpected kEND, expecting ')'
;  end ; @output_buffer.concat "\n\n"
      ^
d:/Projects/Survey/app/views/questions/new.html.erb:22: syntax error, unexpected kENSURE, expecting ')'
d:/Projects/Survey/app/views/questions/new.html.erb:24: syntax error, unexpected kEND, expecting ')') on line #11 of app/views/questions/new.html.erb:
8:     <%= f.text_field :title %>
9:   </p>
10:   <p>
11:   	<%= f.fields_for :answers do |builder|%>
12: 		<%= render 'answers/form', :form => builder %>
13: 	<% end %>
14:   </p

    app/views/questions/new.html.erb:24:in `compile!'
    app/controllers/questions_controller.rb:29:in `new'

Rendered rescues/_trace (93.7ms)
Rendered rescues/_request_and_response (0.0ms)
Rendering rescues/layout (internal_server_error)
  [4;36;1mSQL (0.0ms)[0m   [0;1mSET NAMES 'utf8'[0m
  [4;35;1mSQL (0.0ms)[0m   [0mSET SQL_AUTO_IS_NULL=0[0m


Processing QuestionsController#new (for 127.0.0.1 at 2011-04-08 18:36:52) [GET]
  [4;36;1mQuestion Columns (0.0ms)[0m   [0;1mSHOW FIELDS FROM `questions`[0m
  [4;35;1mAnswer Columns (0.0ms)[0m   [0mSHOW FIELDS FROM `answers`[0m
Rendering template within layouts/questions
Rendering questions/new

ActionView::TemplateError (undefined local variable or method `this' for #<ActionView::Base:0x4778e80>) on line #5 of app/views/answers/_form.html.erb:
2: <%= form.label :content %>: 
3: <%= form.text_field :content %>
4: <%= form.hidden_field :_destroy %>
5: <%= link_to_function("Remove", remove_link(this))  %>
6: </p>

    app/views/answers/_form.html.erb:5
    app/views/questions/new.html.erb:12
    app/views/questions/new.html.erb:11
    app/views/questions/new.html.erb:3
    app/controllers/questions_controller.rb:29:in `new'

Rendered rescues/_trace (109.4ms)
Rendered rescues/_request_and_response (0.0ms)
Rendering rescues/layout (internal_server_error)
  [4;36;1mSQL (0.0ms)[0m   [0;1mSET NAMES 'utf8'[0m
  [4;35;1mSQL (0.0ms)[0m   [0mSET SQL_AUTO_IS_NULL=0[0m


Processing QuestionsController#new (for 127.0.0.1 at 2011-04-08 18:37:10) [GET]
  [4;36;1mQuestion Columns (0.0ms)[0m   [0;1mSHOW FIELDS FROM `questions`[0m
  [4;35;1mAnswer Columns (0.0ms)[0m   [0mSHOW FIELDS FROM `answers`[0m
Rendering template within layouts/questions
Rendering questions/new
Rendered answers/_form (0.0ms)
Rendered answers/_form (0.0ms)
Rendered answers/_form (0.0ms)

ActionView::TemplateError (Missing template questions/_answer_fields.erb in view path app/views) on line #15 of app/views/questions/new.html.erb:
12: 		<%= render 'answers/form', :form => builder %>
13: 	<% end %>
14:   </p
15:   	<%= link_to_add_field "Add answer", f, :answers %>
16:   <p>
17:     <%= f.submit 'Create' %>
18:   </p>

    app/helpers/questions_helper.rb:5:in `link_to_add_field'
    app/helpers/questions_helper.rb:4:in `link_to_add_field'
    app/views/questions/new.html.erb:15
    app/views/questions/new.html.erb:3
    app/controllers/questions_controller.rb:29:in `new'

Rendered rescues/_trace (218.7ms)
Rendered rescues/_request_and_response (0.0ms)
Rendering rescues/layout (internal_server_error)
  [4;36;1mSQL (0.0ms)[0m   [0;1mSET NAMES 'utf8'[0m
  [4;35;1mSQL (0.0ms)[0m   [0mSET SQL_AUTO_IS_NULL=0[0m


Processing QuestionsController#new (for 127.0.0.1 at 2011-04-08 18:38:08) [GET]
  [4;36;1mQuestion Columns (0.0ms)[0m   [0;1mSHOW FIELDS FROM `questions`[0m
  [4;35;1mAnswer Columns (0.0ms)[0m   [0mSHOW FIELDS FROM `answers`[0m
Rendering template within layouts/questions
Rendering questions/new
Rendered answers/_form (15.6ms)
Rendered answers/_form (0.0ms)
Rendered answers/_form (0.0ms)

ActionView::TemplateError (Missing template questions/_answer_fields.erb in view path app/views) on line #15 of app/views/questions/new.html.erb:
12: 		<%= render 'answers/form', :form => builder %>
13: 	<% end %>
14:   </p
15:   	<%= link_to_add_field "Add answer", f, :answers %>
16:   <p>
17:     <%= f.submit 'Create' %>
18:   </p>

    app/helpers/questions_helper.rb:5:in `link_to_add_field'
    app/helpers/questions_helper.rb:4:in `link_to_add_field'
    app/views/questions/new.html.erb:15
    app/views/questions/new.html.erb:3
    app/controllers/questions_controller.rb:29:in `new'

Rendered rescues/_trace (109.4ms)
Rendered rescues/_request_and_response (0.0ms)
Rendering rescues/layout (internal_server_error)
  [4;36;1mSQL (0.0ms)[0m   [0;1mSET NAMES 'utf8'[0m
  [4;35;1mSQL (0.0ms)[0m   [0mSET SQL_AUTO_IS_NULL=0[0m


Processing QuestionsController#new (for 127.0.0.1 at 2011-04-08 18:41:21) [GET]
  [4;36;1mQuestion Columns (15.6ms)[0m   [0;1mSHOW FIELDS FROM `questions`[0m
  [4;35;1mAnswer Columns (0.0ms)[0m   [0mSHOW FIELDS FROM `answers`[0m
Rendering template within layouts/questions
Rendering questions/new
Rendered answers/_form (15.6ms)
Rendered answers/_form (0.0ms)
Rendered answers/_form (0.0ms)
Completed in 156ms (View: 94, DB: 16) | 200 OK [http://localhost/questions/new]
  [4;36;1mSQL (0.0ms)[0m   [0;1mSET NAMES 'utf8'[0m
  [4;35;1mSQL (0.0ms)[0m   [0mSET SQL_AUTO_IS_NULL=0[0m


Processing QuestionsController#new (for 127.0.0.1 at 2011-04-08 18:41:56) [GET]
  [4;36;1mQuestion Columns (15.6ms)[0m   [0;1mSHOW FIELDS FROM `questions`[0m
  [4;35;1mAnswer Columns (15.6ms)[0m   [0mSHOW FIELDS FROM `answers`[0m
Rendering template within layouts/questions
Rendering questions/new
Rendered answers/_form (0.0ms)
Rendered answers/_form (0.0ms)
Rendered answers/_form (0.0ms)
Completed in 63ms (View: 31, DB: 31) | 200 OK [http://localhost/questions/new]
  [4;36;1mSQL (0.0ms)[0m   [0;1mSET NAMES 'utf8'[0m
  [4;35;1mSQL (0.0ms)[0m   [0mSET SQL_AUTO_IS_NULL=0[0m


Processing QuestionsController#new (for 127.0.0.1 at 2011-04-08 18:41:58) [GET]
  [4;36;1mQuestion Columns (0.0ms)[0m   [0;1mSHOW FIELDS FROM `questions`[0m
  [4;35;1mAnswer Columns (0.0ms)[0m   [0mSHOW FIELDS FROM `answers`[0m
Rendering template within layouts/questions
Rendering questions/new
Rendered answers/_form (0.0ms)
Rendered answers/_form (0.0ms)
Rendered answers/_form (0.0ms)
Completed in 63ms (View: 31, DB: 0) | 200 OK [http://localhost/questions/new]
  [4;36;1mSQL (0.0ms)[0m   [0;1mSET NAMES 'utf8'[0m
  [4;35;1mSQL (0.0ms)[0m   [0mSET SQL_AUTO_IS_NULL=0[0m


Processing QuestionsController#new (for 127.0.0.1 at 2011-04-08 18:42:02) [GET]
  [4;36;1mQuestion Columns (0.0ms)[0m   [0;1mSHOW FIELDS FROM `questions`[0m
  [4;35;1mAnswer Columns (15.6ms)[0m   [0mSHOW FIELDS FROM `answers`[0m
Rendering template within layouts/questions
Rendering questions/new
Rendered answers/_form (0.0ms)
Rendered answers/_form (0.0ms)
Rendered answers/_form (0.0ms)
Completed in 63ms (View: 31, DB: 16) | 200 OK [http://localhost/questions/new]
  [4;36;1mSQL (0.0ms)[0m   [0;1mSET NAMES 'utf8'[0m
  [4;35;1mSQL (0.0ms)[0m   [0mSET SQL_AUTO_IS_NULL=0[0m


Processing QuestionsController#new (for 127.0.0.1 at 2011-04-08 18:44:45) [GET]
  [4;36;1mQuestion Columns (15.6ms)[0m   [0;1mSHOW FIELDS FROM `questions`[0m
  [4;35;1mAnswer Columns (15.6ms)[0m   [0mSHOW FIELDS FROM `answers`[0m
Rendering template within layouts/questions
Rendering questions/new
Rendered answers/_form (0.0ms)
Rendered answers/_form (0.0ms)
Rendered answers/_form (15.6ms)

ActionView::TemplateError (Missing template questions/_answer_fields.erb in view path app/views) on line #16 of app/views/questions/new.html.erb:
13: 	<% end %>
14:   </p>
15:   <p>
16:   	<% link_to_add_field "Add answer", f, :answers %>
17:   </p>
18:   <p>
19:     <%= f.submit 'Create' %>

    app/helpers/questions_helper.rb:5:in `link_to_add_field'
    app/helpers/questions_helper.rb:4:in `link_to_add_field'
    app/views/questions/new.html.erb:16
    app/views/questions/new.html.erb:3
    app/controllers/questions_controller.rb:29:in `new'

Rendered rescues/_trace (218.8ms)
Rendered rescues/_request_and_response (0.0ms)
Rendering rescues/layout (internal_server_error)
  [4;36;1mSQL (0.0ms)[0m   [0;1mSET NAMES 'utf8'[0m
  [4;35;1mSQL (0.0ms)[0m   [0mSET SQL_AUTO_IS_NULL=0[0m


Processing QuestionsController#new (for 127.0.0.1 at 2011-04-08 18:46:22) [GET]
  [4;36;1mQuestion Columns (0.0ms)[0m   [0;1mSHOW FIELDS FROM `questions`[0m
  [4;35;1mAnswer Columns (0.0ms)[0m   [0mSHOW FIELDS FROM `answers`[0m
Rendering template within layouts/questions
Rendering questions/new
Rendered answers/_form (0.0ms)
Rendered answers/_form (0.0ms)
Rendered answers/_form (0.0ms)
Rendered answers/_form (0.0ms)
Completed in 78ms (View: 47, DB: 0) | 200 OK [http://localhost/questions/new]
  [4;36;1mSQL (0.0ms)[0m   [0;1mSET NAMES 'utf8'[0m
  [4;35;1mSQL (0.0ms)[0m   [0mSET SQL_AUTO_IS_NULL=0[0m


Processing QuestionsController#new (for 127.0.0.1 at 2011-04-08 18:46:27) [GET]
  [4;36;1mQuestion Columns (15.6ms)[0m   [0;1mSHOW FIELDS FROM `questions`[0m
  [4;35;1mAnswer Columns (0.0ms)[0m   [0mSHOW FIELDS FROM `answers`[0m
Rendering template within layouts/questions
Rendering questions/new
Rendered answers/_form (15.6ms)
Rendered answers/_form (0.0ms)
Rendered answers/_form (0.0ms)
Rendered answers/_form (0.0ms)
Completed in 62ms (View: 31, DB: 16) | 200 OK [http://localhost/questions/new]
  [4;36;1mSQL (0.0ms)[0m   [0;1mSET NAMES 'utf8'[0m
  [4;35;1mSQL (0.0ms)[0m   [0mSET SQL_AUTO_IS_NULL=0[0m


Processing QuestionsController#new (for 127.0.0.1 at 2011-04-08 18:47:00) [GET]
  [4;36;1mQuestion Columns (15.6ms)[0m   [0;1mSHOW FIELDS FROM `questions`[0m
  [4;35;1mAnswer Columns (0.0ms)[0m   [0mSHOW FIELDS FROM `answers`[0m
Rendering template within layouts/questions
Rendering questions/new
Rendered answers/_form (0.0ms)
Rendered answers/_form (0.0ms)
Rendered answers/_form (0.0ms)
Rendered answers/_form (0.0ms)
Completed in 63ms (View: 31, DB: 16) | 200 OK [http://localhost/questions/new]
  [4;36;1mSQL (0.0ms)[0m   [0;1mSET NAMES 'utf8'[0m
  [4;35;1mSQL (0.0ms)[0m   [0mSET SQL_AUTO_IS_NULL=0[0m


Processing QuestionsController#create (for 127.0.0.1 at 2011-04-08 18:47:22) [POST]
  Parameters: {"commit"=>"Create", "authenticity_token"=>"iY3t2PqRe4lvklvPrc+s0LMsnvNLmbs7rRHGxUq39y0=", "question"=>{"answers_attributes"=>{"0"=>{"_destroy"=>"", "content"=>"1"}, "1"=>{"_destroy"=>"", "content"=>"2"}, "1302268621831"=>{"_destroy"=>"1", "content"=>""}, "2"=>{"_destroy"=>"", "content"=>"3"}}, "title"=>"How long are you gonna work"}}
  [4;36;1mQuestion Columns (0.0ms)[0m   [0;1mSHOW FIELDS FROM `questions`[0m
  [4;35;1mAnswer Columns (0.0ms)[0m   [0mSHOW FIELDS FROM `answers`[0m
  [4;36;1mSQL (0.0ms)[0m   [0;1mBEGIN[0m
  [4;35;1mQuestion Create (0.0ms)[0m   [0mINSERT INTO `questions` (`created_at`, `title`, `updated_at`) VALUES('2011-04-08 13:17:22', 'How long are you gonna work', '2011-04-08 13:17:22')[0m
  [4;36;1mAnswer Create (0.0ms)[0m   [0;1mINSERT INTO `answers` (`question_id`, `created_at`, `updated_at`, `content`) VALUES(1, '2011-04-08 13:17:22', '2011-04-08 13:17:22', '1')[0m
  [4;35;1mAnswer Create (0.0ms)[0m   [0mINSERT INTO `answers` (`question_id`, `created_at`, `updated_at`, `content`) VALUES(1, '2011-04-08 13:17:22', '2011-04-08 13:17:22', '2')[0m
  [4;36;1mAnswer Create (0.0ms)[0m   [0;1mINSERT INTO `answers` (`question_id`, `created_at`, `updated_at`, `content`) VALUES(1, '2011-04-08 13:17:22', '2011-04-08 13:17:22', '3')[0m
  [4;35;1mSQL (31.2ms)[0m   [0mCOMMIT[0m
Redirected to http://localhost:3000/questions/1
Completed in 78ms (DB: 31) | 302 Found [http://localhost/questions]
  [4;36;1mSQL (0.0ms)[0m   [0;1mSET NAMES 'utf8'[0m
  [4;35;1mSQL (0.0ms)[0m   [0mSET SQL_AUTO_IS_NULL=0[0m


Processing QuestionsController#show (for 127.0.0.1 at 2011-04-08 18:47:22) [GET]
  Parameters: {"id"=>"1"}
  [4;36;1mQuestion Columns (0.0ms)[0m   [0;1mSHOW FIELDS FROM `questions`[0m
  [4;35;1mQuestion Load (0.0ms)[0m   [0mSELECT * FROM `questions` WHERE (`questions`.`id` = 1) [0m
Rendering template within layouts/questions
Rendering questions/show
Completed in 31ms (View: 16, DB: 0) | 200 OK [http://localhost/questions/1]
  [4;36;1mSQL (0.0ms)[0m   [0;1mSET NAMES 'utf8'[0m
  [4;35;1mSQL (0.0ms)[0m   [0mSET SQL_AUTO_IS_NULL=0[0m


Processing QuestionsController#new (for 127.0.0.1 at 2011-04-08 18:47:54) [GET]
  [4;36;1mQuestion Columns (0.0ms)[0m   [0;1mSHOW FIELDS FROM `questions`[0m
  [4;35;1mAnswer Columns (15.6ms)[0m   [0mSHOW FIELDS FROM `answers`[0m
Rendering template within layouts/questions
Rendering questions/new
Rendered answers/_form (0.0ms)
Rendered answers/_form (0.0ms)
Rendered answers/_form (0.0ms)
Rendered answers/_form (15.6ms)
Completed in 62ms (View: 31, DB: 16) | 200 OK [http://localhost/questions/new]
  [4;36;1mSQL (0.0ms)[0m   [0;1mSET NAMES 'utf8'[0m
  [4;35;1mSQL (15.6ms)[0m   [0mSET SQL_AUTO_IS_NULL=0[0m


Processing QuestionsController#create (for 127.0.0.1 at 2011-04-08 18:48:16) [POST]
  Parameters: {"commit"=>"Create", "authenticity_token"=>"iY3t2PqRe4lvklvPrc+s0LMsnvNLmbs7rRHGxUq39y0=", "question"=>{"answers_attributes"=>{"0"=>{"_destroy"=>"", "content"=>"9"}, "1"=>{"_destroy"=>"", "content"=>"10"}, "2"=>{"_destroy"=>"", "content"=>"11"}, "1302268694334"=>{"_destroy"=>"", "content"=>"12"}}, "title"=>"What time are you gonna come to office on monday"}}
  [4;36;1mQuestion Columns (15.6ms)[0m   [0;1mSHOW FIELDS FROM `questions`[0m
  [4;35;1mAnswer Columns (15.6ms)[0m   [0mSHOW FIELDS FROM `answers`[0m
  [4;36;1mSQL (0.0ms)[0m   [0;1mBEGIN[0m
  [4;35;1mQuestion Create (0.0ms)[0m   [0mINSERT INTO `questions` (`created_at`, `title`, `updated_at`) VALUES('2011-04-08 13:18:16', 'What time are you gonna come to office on monday', '2011-04-08 13:18:16')[0m
  [4;36;1mAnswer Create (0.0ms)[0m   [0;1mINSERT INTO `answers` (`question_id`, `created_at`, `updated_at`, `content`) VALUES(2, '2011-04-08 13:18:16', '2011-04-08 13:18:16', '9')[0m
  [4;35;1mAnswer Create (0.0ms)[0m   [0mINSERT INTO `answers` (`question_id`, `created_at`, `updated_at`, `content`) VALUES(2, '2011-04-08 13:18:16', '2011-04-08 13:18:16', '10')[0m
  [4;36;1mAnswer Create (0.0ms)[0m   [0;1mINSERT INTO `answers` (`question_id`, `created_at`, `updated_at`, `content`) VALUES(2, '2011-04-08 13:18:16', '2011-04-08 13:18:16', '11')[0m
  [4;35;1mAnswer Create (0.0ms)[0m   [0mINSERT INTO `answers` (`question_id`, `created_at`, `updated_at`, `content`) VALUES(2, '2011-04-08 13:18:16', '2011-04-08 13:18:16', '12')[0m
  [4;36;1mSQL (46.9ms)[0m   [0;1mCOMMIT[0m
Redirected to http://localhost:3000/questions/2
Completed in 94ms (DB: 94) | 302 Found [http://localhost/questions]
  [4;35;1mSQL (0.0ms)[0m   [0mSET NAMES 'utf8'[0m
  [4;36;1mSQL (0.0ms)[0m   [0;1mSET SQL_AUTO_IS_NULL=0[0m


Processing QuestionsController#show (for 127.0.0.1 at 2011-04-08 18:48:16) [GET]
  Parameters: {"id"=>"2"}
  [4;35;1mQuestion Columns (0.0ms)[0m   [0mSHOW FIELDS FROM `questions`[0m
  [4;36;1mQuestion Load (0.0ms)[0m   [0;1mSELECT * FROM `questions` WHERE (`questions`.`id` = 2) [0m
Rendering template within layouts/questions
Rendering questions/show
Completed in 31ms (View: 16, DB: 0) | 200 OK [http://localhost/questions/2]
  [4;35;1mSQL (0.0ms)[0m   [0mSET NAMES 'utf8'[0m
  [4;36;1mSQL (0.0ms)[0m   [0;1mSET SQL_AUTO_IS_NULL=0[0m


Processing QuestionsController#new (for 127.0.0.1 at 2011-04-08 18:51:29) [GET]
  [4;35;1mQuestion Columns (15.6ms)[0m   [0mSHOW FIELDS FROM `questions`[0m
  [4;36;1mAnswer Columns (15.6ms)[0m   [0;1mSHOW FIELDS FROM `answers`[0m
Rendering template within layouts/questions
Rendering questions/new
Rendered answers/_form (15.6ms)
Rendered answers/_form (0.0ms)
Rendered answers/_form (0.0ms)
Rendered answers/_form (0.0ms)
Completed in 94ms (View: 47, DB: 31) | 200 OK [http://localhost/questions/new]
  [4;35;1mSQL (0.0ms)[0m   [0mSET NAMES 'utf8'[0m
  [4;36;1mSQL (0.0ms)[0m   [0;1mSET SQL_AUTO_IS_NULL=0[0m


Processing QuestionsController#create (for 127.0.0.1 at 2011-04-08 18:51:48) [POST]
  Parameters: {"commit"=>"Create", "authenticity_token"=>"iY3t2PqRe4lvklvPrc+s0LMsnvNLmbs7rRHGxUq39y0=", "question"=>{"answers_attributes"=>{"1302268905865"=>{"_destroy"=>"", "content"=>"g"}, "0"=>{"_destroy"=>"", "content"=>"a "}, "1"=>{"_destroy"=>"", "content"=>"b"}, "2"=>{"_destroy"=>"", "content"=>"c"}}, "title"=>"What is your name "}}
  [4;35;1mQuestion Columns (0.0ms)[0m   [0mSHOW FIELDS FROM `questions`[0m
  [4;36;1mAnswer Columns (0.0ms)[0m   [0;1mSHOW FIELDS FROM `answers`[0m
  [4;35;1mSQL (0.0ms)[0m   [0mBEGIN[0m
  [4;36;1mQuestion Create (0.0ms)[0m   [0;1mINSERT INTO `questions` (`created_at`, `title`, `updated_at`) VALUES('2011-04-08 13:21:48', 'What is your name ', '2011-04-08 13:21:48')[0m
  [4;35;1mAnswer Create (0.0ms)[0m   [0mINSERT INTO `answers` (`question_id`, `created_at`, `updated_at`, `content`) VALUES(3, '2011-04-08 13:21:48', '2011-04-08 13:21:48', 'a ')[0m
  [4;36;1mAnswer Create (0.0ms)[0m   [0;1mINSERT INTO `answers` (`question_id`, `created_at`, `updated_at`, `content`) VALUES(3, '2011-04-08 13:21:48', '2011-04-08 13:21:48', 'b')[0m
  [4;35;1mAnswer Create (0.0ms)[0m   [0mINSERT INTO `answers` (`question_id`, `created_at`, `updated_at`, `content`) VALUES(3, '2011-04-08 13:21:48', '2011-04-08 13:21:48', 'c')[0m
  [4;36;1mAnswer Create (0.0ms)[0m   [0;1mINSERT INTO `answers` (`question_id`, `created_at`, `updated_at`, `content`) VALUES(3, '2011-04-08 13:21:48', '2011-04-08 13:21:48', 'g')[0m
  [4;35;1mSQL (46.9ms)[0m   [0mCOMMIT[0m
Redirected to http://localhost:3000/questions/3
Completed in 94ms (DB: 47) | 302 Found [http://localhost/questions]
  [4;36;1mSQL (0.0ms)[0m   [0;1mSET NAMES 'utf8'[0m
  [4;35;1mSQL (0.0ms)[0m   [0mSET SQL_AUTO_IS_NULL=0[0m


Processing QuestionsController#show (for 127.0.0.1 at 2011-04-08 18:51:48) [GET]
  Parameters: {"id"=>"3"}
  [4;36;1mQuestion Columns (0.0ms)[0m   [0;1mSHOW FIELDS FROM `questions`[0m
  [4;35;1mQuestion Load (0.0ms)[0m   [0mSELECT * FROM `questions` WHERE (`questions`.`id` = 3) [0m
Rendering template within layouts/questions
Rendering questions/show
Completed in 47ms (View: 16, DB: 0) | 200 OK [http://localhost/questions/3]
